<?xml version="1.0" encoding="utf-8"?><testsuites name="pytest tests"><testsuite name="pytest" errors="0" failures="0" skipped="0" tests="15" time="137.914" timestamp="2026-02-25T13:48:20.015413+00:00" hostname="agent-env-fbbd8d4a-5907-4936-9cef-4b5cb791a90a"><testcase classname="backend.tests.test_acting_coach_api.TestActingCoachScenes" name="test_get_scenes_returns_200" time="0.143" /><testcase classname="backend.tests.test_acting_coach_api.TestActingCoachScenes" name="test_get_scenes_returns_12_scenes" time="0.104" /><testcase classname="backend.tests.test_acting_coach_api.TestActingCoachScenes" name="test_scenes_have_required_fields" time="0.119" /><testcase classname="backend.tests.test_acting_coach_api.TestActingCoachScenes" name="test_scenes_have_expected_genres" time="0.111" /><testcase classname="backend.tests.test_acting_coach_api.TestActingCoachAnalyze" name="test_analyze_returns_200_with_valid_data" time="6.942" /><testcase classname="backend.tests.test_acting_coach_api.TestActingCoachAnalyze" name="test_analyze_returns_required_fields" time="7.957" /><testcase classname="backend.tests.test_acting_coach_api.TestActingCoachAnalyze" name="test_analyze_with_all_emotions" time="40.976" /><testcase classname="backend.tests.test_acting_coach_api.TestActingCoachAnalyze" name="test_analyze_with_all_styles" time="34.585" /><testcase classname="backend.tests.test_acting_coach_api.TestActingCoachAnalyze" name="test_analyze_energy_range" time="23.878" /><testcase classname="backend.tests.test_acting_coach_api.TestActingCoachAnalyze" name="test_analyze_rejects_invalid_energy" time="0.241" /><testcase classname="backend.tests.test_acting_coach_api.TestActingCoachAnalyze" name="test_analyze_requires_scene_title" time="0.097" /><testcase classname="backend.tests.test_acting_coach_api.TestActingCoachAnalyze" name="test_analyze_with_optional_user_id" time="14.060" /><testcase classname="backend.tests.test_acting_coach_api.TestActingCoachHistory" name="test_history_returns_200" time="0.142" /><testcase classname="backend.tests.test_acting_coach_api.TestActingCoachHistory" name="test_history_returns_expected_structure" time="0.117" /><testcase classname="backend.tests.test_acting_coach_api.TestActingCoachHistory" name="test_history_after_analyze" time="8.387" /></testsuite></testsuites>