<?xml version="1.0" encoding="utf-8"?><testsuites name="pytest tests"><testsuite name="pytest" errors="0" failures="0" skipped="0" tests="23" time="19.442" timestamp="2026-03-07T15:21:58.172882+00:00" hostname="agent-env-a91ca1f5-2b19-41a9-8887-b82387dff587"><testcase classname="backend.tests.test_crash_safety_audit.TestHealthAndBasics" name="test_health_endpoint" time="0.290" /><testcase classname="backend.tests.test_crash_safety_audit.TestHealthAndBasics" name="test_root_endpoint" time="0.131" /><testcase classname="backend.tests.test_crash_safety_audit.TestDailyDrillAPIs" name="test_get_daily_drill_returns_valid_structure" time="2.057" /><testcase classname="backend.tests.test_crash_safety_audit.TestDailyDrillAPIs" name="test_complete_daily_drill_awards_xp" time="2.470" /><testcase classname="backend.tests.test_crash_safety_audit.TestDailyDrillAPIs" name="test_drill_feedback_returns_structured_response" time="5.935" /><testcase classname="backend.tests.test_crash_safety_audit.TestStreakAPIs" name="test_get_streak_returns_required_fields" time="0.151" /><testcase classname="backend.tests.test_crash_safety_audit.TestActingCoachAPIs" name="test_analyze_performance_success" time="5.587" /><testcase classname="backend.tests.test_crash_safety_audit.TestActingCoachAPIs" name="test_analyze_performance_invalid_data_returns_structured_error" time="0.127" /><testcase classname="backend.tests.test_crash_safety_audit.TestActingCoachAPIs" name="test_analyze_performance_empty_scene_title" time="0.112" /><testcase classname="backend.tests.test_crash_safety_audit.TestActingCoachAPIs" name="test_get_scenes" time="0.111" /><testcase classname="backend.tests.test_crash_safety_audit.TestActingCoachAPIs" name="test_get_history" time="0.109" /><testcase classname="backend.tests.test_crash_safety_audit.TestDialectCoachAPIs" name="test_get_accents" time="0.102" /><testcase classname="backend.tests.test_crash_safety_audit.TestDialectCoachAPIs" name="test_get_sample_lines" time="0.139" /><testcase classname="backend.tests.test_crash_safety_audit.TestTapesShareAPIs" name="test_create_share_link" time="0.132" /><testcase classname="backend.tests.test_crash_safety_audit.TestTapesShareAPIs" name="test_get_share_page_html" time="0.244" /><testcase classname="backend.tests.test_crash_safety_audit.TestScriptAPIs" name="test_create_script" time="0.874" /><testcase classname="backend.tests.test_crash_safety_audit.TestScriptAPIs" name="test_get_scripts_list" time="0.110" /><testcase classname="backend.tests.test_crash_safety_audit.TestUserAPIs" name="test_create_or_get_user" time="0.121" /><testcase classname="backend.tests.test_crash_safety_audit.TestSubscriptionAPIs" name="test_get_subscription_plans" time="0.112" /><testcase classname="backend.tests.test_crash_safety_audit.TestVoiceStudioAPIs" name="test_process_audio_without_file_returns_error" time="0.107" /><testcase classname="backend.tests.test_crash_safety_audit.TestVoicesPresetAPIs" name="test_get_voice_presets" time="0.115" /><testcase classname="backend.tests.test_crash_safety_audit.TestDailyDrillFeedbackErrorHandling" name="test_feedback_with_empty_body_returns_validation_error" time="0.102" /><testcase classname="backend.tests.test_crash_safety_audit.TestDailyDrillFeedbackErrorHandling" name="test_feedback_with_partial_data" time="0.110" /></testsuite></testsuites>