<?xml version="1.0" encoding="utf-8"?><testsuites name="pytest tests"><testsuite name="pytest" errors="0" failures="0" skipped="0" tests="6" time="6.491" timestamp="2026-03-14T22:49:23.006091+00:00" hostname="agent-env-c48df651-504d-4be4-b69f-9d13728a88e9"><testcase classname="backend.tests.test_iteration22_teleprompter.TestBackendRegression" name="test_health_returns_200" time="0.180" /><testcase classname="backend.tests.test_iteration22_teleprompter.TestBackendRegression" name="test_post_scripts_creates_script" time="1.568" /><testcase classname="backend.tests.test_iteration22_teleprompter.TestBackendRegression" name="test_get_scripts_by_user_id" time="1.235" /><testcase classname="backend.tests.test_iteration22_teleprompter.TestBackendRegression" name="test_get_script_by_id" time="1.326" /><testcase classname="backend.tests.test_iteration22_teleprompter.TestBackendRegression" name="test_get_nonexistent_script_returns_404" time="0.152" /><testcase classname="backend.tests.test_iteration22_teleprompter.TestBackendRegression" name="test_script_has_lines_structure" time="1.964" /></testsuite></testsuites>