<?xml version="1.0" encoding="utf-8"?><testsuites name="pytest tests"><testsuite name="pytest" errors="0" failures="0" skipped="0" tests="20" time="21.442" timestamp="2026-03-10T14:00:51.407441+00:00" hostname="agent-env-a91ca1f5-2b19-41a9-8887-b82387dff587"><testcase classname="backend.tests.test_iteration15_api.TestHealthEndpoint" name="test_health_returns_200" time="0.207" /><testcase classname="backend.tests.test_iteration15_api.TestScriptsEndpoints" name="test_create_script_parses_scenes" time="4.859" /><testcase classname="backend.tests.test_iteration15_api.TestScriptsEndpoints" name="test_get_scripts_returns_list" time="0.133" /><testcase classname="backend.tests.test_iteration15_api.TestScriptsEndpoints" name="test_upload_no_file_returns_422" time="0.187" /><testcase classname="backend.tests.test_iteration15_api.TestActingCoachEndpoints" name="test_analyze_returns_success" time="7.968" /><testcase classname="backend.tests.test_iteration15_api.TestActingCoachEndpoints" name="test_get_scenes_returns_list" time="0.065" /><testcase classname="backend.tests.test_iteration15_api.TestDialectEndpoints" name="test_get_accents_returns_list" time="0.057" /><testcase classname="backend.tests.test_iteration15_api.TestDialectEndpoints" name="test_get_sample_lines_returns_lines" time="0.059" /><testcase classname="backend.tests.test_iteration15_api.TestDailyDrillEndpoints" name="test_get_daily_drill" time="2.968" /><testcase classname="backend.tests.test_iteration15_api.TestDailyDrillEndpoints" name="test_complete_daily_drill" time="0.193" /><testcase classname="backend.tests.test_iteration15_api.TestDailyDrillEndpoints" name="test_daily_drill_feedback" time="3.925" /><testcase classname="backend.tests.test_iteration15_api.TestStreakEndpoints" name="test_get_streak" time="0.068" /><testcase classname="backend.tests.test_iteration15_api.TestUsersEndpoints" name="test_create_or_get_user" time="0.067" /><testcase classname="backend.tests.test_iteration15_api.TestSubscriptionEndpoints" name="test_get_subscription_plans" time="0.067" /><testcase classname="backend.tests.test_iteration15_api.TestVoicesEndpoints" name="test_get_voice_presets" time="0.078" /><testcase classname="backend.tests.test_iteration15_api.TestVoiceStudioEndpoints" name="test_get_voice_takes_returns_list_or_empty" time="0.059" /><testcase classname="backend.tests.test_iteration15_api.TestTapesEndpoints" name="test_share_tape_creates_link" time="0.118" /><testcase classname="backend.tests.test_iteration15_api.TestErrorHandling" name="test_invalid_json_returns_422" time="0.176" /><testcase classname="backend.tests.test_iteration15_api.TestErrorHandling" name="test_missing_required_field_returns_422" time="0.053" /><testcase classname="backend.tests.test_iteration15_api.TestErrorHandling" name="test_not_found_returns_404" time="0.050" /></testsuite></testsuites>