<?xml version="1.0" encoding="utf-8"?><testsuites name="pytest tests"><testsuite name="pytest" errors="0" failures="0" skipped="0" tests="9" time="4.911" timestamp="2026-03-11T01:30:11.647427+00:00" hostname="agent-env-c48df651-504d-4be4-b69f-9d13728a88e9"><testcase classname="backend.tests.test_iteration16_bug_fixes.TestHealthEndpoint" name="test_health_returns_200" time="0.153" /><testcase classname="backend.tests.test_iteration16_bug_fixes.TestDailyDrillEndpoint" name="test_get_daily_drill_returns_drill_data" time="0.136" /><testcase classname="backend.tests.test_iteration16_bug_fixes.TestDailyDrillEndpoint" name="test_complete_drill_returns_xp" time="1.905" /><testcase classname="backend.tests.test_iteration16_bug_fixes.TestStreakEndpoint" name="test_get_streak_returns_streak_data" time="0.110" /><testcase classname="backend.tests.test_iteration16_bug_fixes.TestScriptsUploadEndpoint" name="test_upload_text_file_succeeds" time="1.296" /><testcase classname="backend.tests.test_iteration16_bug_fixes.TestScriptsUploadEndpoint" name="test_upload_empty_file_handles_gracefully" time="0.902" /><testcase classname="backend.tests.test_iteration16_bug_fixes.TestScriptsUploadEndpoint" name="test_upload_without_title_returns_validation_error" time="0.109" /><testcase classname="backend.tests.test_iteration16_bug_fixes.TestErrorHandling" name="test_nonexistent_drill_user_creates_new_drill" time="0.120" /><testcase classname="backend.tests.test_iteration16_bug_fixes.TestErrorHandling" name="test_invalid_script_id_returns_404" time="0.117" /></testsuite></testsuites>