<?xml version="1.0" encoding="utf-8"?><testsuites name="pytest tests"><testsuite name="pytest" errors="0" failures="0" skipped="0" tests="9" time="7.953" timestamp="2026-03-15T14:17:32.353676+00:00" hostname="agent-env-c48df651-504d-4be4-b69f-9d13728a88e9"><testcase classname="backend.tests.test_iteration23_upload_fix.TestHealthCheck" name="test_health_returns_200" time="0.240" /><testcase classname="backend.tests.test_iteration23_upload_fix.TestScriptCreation" name="test_post_scripts_creates_script" time="1.630" /><testcase classname="backend.tests.test_iteration23_upload_fix.TestScriptCreation" name="test_post_scripts_parses_characters" time="0.977" /><testcase classname="backend.tests.test_iteration23_upload_fix.TestScriptRetrieval" name="test_get_scripts_by_user_id" time="0.929" /><testcase classname="backend.tests.test_iteration23_upload_fix.TestScriptRetrieval" name="test_get_script_by_id" time="1.010" /><testcase classname="backend.tests.test_iteration23_upload_fix.TestScriptRetrieval" name="test_get_nonexistent_script_returns_404" time="0.110" /><testcase classname="backend.tests.test_iteration23_upload_fix.TestScriptUpload" name="test_upload_base64_creates_script" time="1.099" /><testcase classname="backend.tests.test_iteration23_upload_fix.TestScriptUpload" name="test_upload_form_data_creates_script" time="0.959" /><testcase classname="backend.tests.test_iteration23_upload_fix.TestCleanup" name="test_cleanup_test_scripts" time="0.929" /></testsuite></testsuites>