<?xml version="1.0" encoding="utf-8"?><testsuites name="pytest tests"><testsuite name="pytest" errors="0" failures="0" skipped="0" tests="8" time="6.903" timestamp="2026-03-14T21:05:45.510596+00:00" hostname="agent-env-c48df651-504d-4be4-b69f-9d13728a88e9"><testcase classname="backend.tests.test_iteration20_android_fixes.TestHealthEndpoint" name="test_health_returns_200_with_healthy_status" time="0.385" /><testcase classname="backend.tests.test_iteration20_android_fixes.TestScriptEndpoints" name="test_post_scripts_creates_script" time="1.747" /><testcase classname="backend.tests.test_iteration20_android_fixes.TestScriptEndpoints" name="test_get_scripts_by_user_id" time="1.598" /><testcase classname="backend.tests.test_iteration20_android_fixes.TestScriptEndpoints" name="test_get_script_by_id" time="1.514" /><testcase classname="backend.tests.test_iteration20_android_fixes.TestScriptUploadEndpoints" name="test_post_scripts_upload_returns_200_or_422" time="0.147" /><testcase classname="backend.tests.test_iteration20_android_fixes.TestAPIEndpointAvailability" name="test_health_endpoint_responds" time="0.113" /><testcase classname="backend.tests.test_iteration20_android_fixes.TestAPIEndpointAvailability" name="test_scripts_endpoint_responds" time="0.147" /><testcase classname="backend.tests.test_iteration20_android_fixes.TestAPIEndpointAvailability" name="test_daily_drill_endpoint_responds" time="1.193" /></testsuite></testsuites>