<?xml version="1.0" encoding="utf-8"?><testsuites name="pytest tests"><testsuite name="pytest" errors="0" failures="0" skipped="0" tests="8" time="10.724" timestamp="2026-03-14T21:30:18.090449+00:00" hostname="agent-env-c48df651-504d-4be4-b69f-9d13728a88e9"><testcase classname="backend.tests.test_iteration21_deviceid_fix.TestHealthAndRegression" name="test_health_returns_200" time="0.330" /><testcase classname="backend.tests.test_iteration21_deviceid_fix.TestScriptUserIdFlow" name="test_post_scripts_with_user_id" time="1.579" /><testcase classname="backend.tests.test_iteration21_deviceid_fix.TestScriptUserIdFlow" name="test_get_scripts_filters_by_user_id" time="1.723" /><testcase classname="backend.tests.test_iteration21_deviceid_fix.TestScriptUserIdFlow" name="test_create_then_fetch_same_device_id" time="1.863" /><testcase classname="backend.tests.test_iteration21_deviceid_fix.TestScriptUserIdFlow" name="test_get_script_detail_by_id" time="1.986" /><testcase classname="backend.tests.test_iteration21_deviceid_fix.TestUploadWithUserId" name="test_upload_base64_with_user_id" time="1.073" /><testcase classname="backend.tests.test_iteration21_deviceid_fix.TestUploadWithUserId" name="test_upload_form_data_with_user_id" time="1.291" /><testcase classname="backend.tests.test_iteration21_deviceid_fix.TestNoDefaultUserId" name="test_scripts_not_created_with_default" time="0.816" /></testsuite></testsuites>