<?xml version="1.0" encoding="utf-8"?><testsuites name="pytest tests"><testsuite name="pytest" errors="0" failures="0" skipped="0" tests="14" time="5.823" timestamp="2026-03-11T02:40:14.349952+00:00" hostname="agent-env-c48df651-504d-4be4-b69f-9d13728a88e9"><testcase classname="backend.tests.test_iteration17_paywall_upload_fixes.TestHealthAndBasicAPIs" name="test_health_endpoint_returns_200" time="0.312" /><testcase classname="backend.tests.test_iteration17_paywall_upload_fixes.TestDailyDrill" name="test_daily_drill_returns_drill_data" time="2.049" /><testcase classname="backend.tests.test_iteration17_paywall_upload_fixes.TestSubscriptionPlans" name="test_subscription_plans_returns_prices" time="0.151" /><testcase classname="backend.tests.test_iteration17_paywall_upload_fixes.TestScriptUpload" name="test_multipart_upload_text_file" time="1.459" /><testcase classname="backend.tests.test_iteration17_paywall_upload_fixes.TestBase64Upload" name="test_base64_upload_success" time="1.619" /><testcase classname="backend.tests.test_iteration17_paywall_upload_fixes.TestBase64Upload" name="test_base64_upload_empty_file_data_returns_400" time="0.158" /><testcase classname="backend.tests.test_iteration17_paywall_upload_fixes.TestFrontendCodeVerification" name="test_no_presentPaywall_calls_in_screens" time="0.005" /><testcase classname="backend.tests.test_iteration17_paywall_upload_fixes.TestFrontendCodeVerification" name="test_paywall_tsx_redirects_to_premium" time="0.000" /><testcase classname="backend.tests.test_iteration17_paywall_upload_fixes.TestFrontendCodeVerification" name="test_index_tsx_routes_to_premium" time="0.000" /><testcase classname="backend.tests.test_iteration17_paywall_upload_fixes.TestFrontendCodeVerification" name="test_premium_tsx_no_hardcoded_prices" time="0.000" /><testcase classname="backend.tests.test_iteration17_paywall_upload_fixes.TestFrontendCodeVerification" name="test_premium_tsx_has_loading_timeout" time="0.000" /><testcase classname="backend.tests.test_iteration17_paywall_upload_fixes.TestFrontendCodeVerification" name="test_upload_tsx_no_manual_content_type" time="0.000" /><testcase classname="backend.tests.test_iteration17_paywall_upload_fixes.TestFrontendCodeVerification" name="test_upload_tsx_has_base64_fallback" time="0.000" /><testcase classname="backend.tests.test_iteration17_paywall_upload_fixes.TestFrontendCodeVerification" name="test_upload_tsx_has_uri_compatibility" time="0.000" /></testsuite></testsuites>