<?xml version="1.0" encoding="utf-8"?><testsuites name="pytest tests"><testsuite name="pytest" errors="0" failures="0" skipped="0" tests="7" time="9.907" timestamp="2026-03-14T17:21:02.614758+00:00" hostname="agent-env-c48df651-504d-4be4-b69f-9d13728a88e9"><testcase classname="tests.test_iteration19_scene_partner.TestHealthEndpoint" name="test_health_returns_200" time="0.004" /><testcase classname="tests.test_iteration19_scene_partner.TestScriptsAPIRegression" name="test_post_scripts_creates_with_characters" time="1.290" /><testcase classname="tests.test_iteration19_scene_partner.TestScriptsAPIRegression" name="test_get_scripts_returns_user_scripts" time="1.102" /><testcase classname="tests.test_iteration19_scene_partner.TestScriptsAPIRegression" name="test_get_script_by_id_returns_full_detail" time="1.188" /><testcase classname="tests.test_iteration19_scene_partner.TestDailyDrillAPIRegression" name="test_get_daily_drill_returns_drill" time="1.051" /><testcase classname="tests.test_iteration19_scene_partner.TestScriptCharacterExtraction" name="test_multi_character_script_extraction" time="3.458" /><testcase classname="tests.test_iteration19_scene_partner.TestScriptCharacterExtraction" name="test_script_with_stage_directions_filtered" time="1.751" /></testsuite></testsuites>