<?xml version="1.0" encoding="utf-8"?><testsuites name="pytest tests"><testsuite name="pytest" errors="0" failures="0" skipped="0" tests="19" time="10.013" timestamp="2026-03-07T12:42:58.260780+00:00" hostname="agent-env-6044bedb-80c4-4526-ae0a-c4fbd48290a2"><testcase classname="backend.tests.test_part6_training_modes.TestHealthAndConfig" name="test_health_endpoint_responds_quickly" time="0.207" /><testcase classname="backend.tests.test_part6_training_modes.TestHealthAndConfig" name="test_404_returns_structured_error" time="0.103" /><testcase classname="backend.tests.test_part6_training_modes.TestScriptsAPI" name="test_create_script_with_timeout" time="1.716" /><testcase classname="backend.tests.test_part6_training_modes.TestScriptsAPI" name="test_get_script_by_id" time="1.432" /><testcase classname="backend.tests.test_part6_training_modes.TestScriptsAPI" name="test_get_nonexistent_script_returns_404" time="0.195" /><testcase classname="backend.tests.test_part6_training_modes.TestActingCoachAPI" name="test_acting_coach_analyze" time="5.676" /><testcase classname="backend.tests.test_part6_training_modes.TestActingCoachAPI" name="test_acting_coach_missing_required_fields" time="0.132" /><testcase classname="backend.tests.test_part6_training_modes.TestActingCoachAPI" name="test_acting_coach_energy_validation" time="0.090" /><testcase classname="backend.tests.test_part6_training_modes.TestActingCoachAPI" name="test_acting_coach_scenes_library" time="0.100" /><testcase classname="backend.tests.test_part6_training_modes.TestDialectCoachAPI" name="test_get_accents_list" time="0.093" /><testcase classname="backend.tests.test_part6_training_modes.TestDialectCoachAPI" name="test_get_accent_by_id" time="0.096" /><testcase classname="backend.tests.test_part6_training_modes.TestDialectCoachAPI" name="test_get_sample_lines" time="0.104" /><testcase classname="backend.tests.test_part6_training_modes.TestCodeReview" name="test_scriptstore_has_timeout" time="0.000" /><testcase classname="backend.tests.test_part6_training_modes.TestCodeReview" name="test_upload_has_timeout" time="0.000" /><testcase classname="backend.tests.test_part6_training_modes.TestCodeReview" name="test_eas_json_has_backend_url" time="0.000" /><testcase classname="backend.tests.test_part6_training_modes.TestCodeReview" name="test_app_json_has_backend_url_fallback" time="0.000" /><testcase classname="backend.tests.test_part6_training_modes.TestCodeReview" name="test_index_tsx_no_training_modes_section" time="0.000" /><testcase classname="backend.tests.test_part6_training_modes.TestCodeReview" name="test_script_detail_has_6_training_modes" time="0.000" /><testcase classname="backend.tests.test_part6_training_modes.TestCodeReview" name="test_premium_modes_locked" time="0.000" /></testsuite></testsuites>