<?xml version="1.0" encoding="utf-8"?><testsuites name="pytest tests"><testsuite name="pytest" errors="0" failures="0" skipped="0" tests="12" time="15.869" timestamp="2026-03-07T13:06:36.557724+00:00" hostname="agent-env-6044bedb-80c4-4526-ae0a-c4fbd48290a2"><testcase classname="backend.tests.test_phase2_daily_drill.TestHealthCheck" name="test_health_endpoint" time="0.233" /><testcase classname="backend.tests.test_phase2_daily_drill.TestDailyDrillEndpoints" name="test_get_daily_drill_creates_new" time="1.652" /><testcase classname="backend.tests.test_phase2_daily_drill.TestDailyDrillEndpoints" name="test_get_daily_drill_returns_same_for_same_day" time="2.558" /><testcase classname="backend.tests.test_phase2_daily_drill.TestDailyDrillEndpoints" name="test_complete_daily_drill" time="2.848" /><testcase classname="backend.tests.test_phase2_daily_drill.TestDailyDrillEndpoints" name="test_complete_already_completed_drill" time="1.928" /><testcase classname="backend.tests.test_phase2_daily_drill.TestDailyDrillEndpoints" name="test_complete_nonexistent_drill_returns_404" time="0.107" /><testcase classname="backend.tests.test_phase2_daily_drill.TestStreakEndpoints" name="test_get_streak_new_user" time="0.106" /><testcase classname="backend.tests.test_phase2_daily_drill.TestStreakEndpoints" name="test_streak_updates_after_drill_completion" time="2.039" /><testcase classname="backend.tests.test_phase2_daily_drill.TestStreakEndpoints" name="test_record_streak_activity" time="0.109" /><testcase classname="backend.tests.test_phase2_daily_drill.TestStreakEndpoints" name="test_record_multiple_activities_same_day" time="0.206" /><testcase classname="backend.tests.test_phase2_daily_drill.TestDailyDrillDataValidation" name="test_drill_has_valid_duration" time="1.471" /><testcase classname="backend.tests.test_phase2_daily_drill.TestDailyDrillDataValidation" name="test_drill_prompt_is_not_empty" time="2.551" /></testsuite></testsuites>