<?xml version="1.0" encoding="utf-8"?><testsuites name="pytest tests"><testsuite name="pytest" errors="0" failures="0" skipped="0" tests="15" time="4.072" timestamp="2026-03-07T14:21:07.752231+00:00" hostname="agent-env-44d1f4a8-bf42-4ffc-92ea-46449c70524d"><testcase classname="backend.tests.test_phase_e_voice_studio.TestVoiceStudioHealthAndPrerequisites" name="test_health_endpoint" time="0.125" /><testcase classname="backend.tests.test_phase_e_voice_studio.TestVoiceStudioHealthAndPrerequisites" name="test_audio_files_exist" time="0.000" /><testcase classname="backend.tests.test_phase_e_voice_studio.TestVoiceStudioAudioProcessing" name="test_normalize_audio" time="0.281" /><testcase classname="backend.tests.test_phase_e_voice_studio.TestVoiceStudioAudioProcessing" name="test_trim_audio" time="0.237" /><testcase classname="backend.tests.test_phase_e_voice_studio.TestVoiceStudioAudioProcessing" name="test_remove_silence" time="0.525" /><testcase classname="backend.tests.test_phase_e_voice_studio.TestVoiceStudioAudioProcessing" name="test_all_operations" time="0.506" /><testcase classname="backend.tests.test_phase_e_voice_studio.TestVoiceStudioDemoReel" name="test_demo_reel_concatenate" time="0.582" /><testcase classname="backend.tests.test_phase_e_voice_studio.TestVoiceStudioDemoReel" name="test_demo_reel_with_gaps" time="0.286" /><testcase classname="backend.tests.test_phase_e_voice_studio.TestVoiceStudioTakesCRUD" name="test_save_take_metadata" time="0.208" /><testcase classname="backend.tests.test_phase_e_voice_studio.TestVoiceStudioTakesCRUD" name="test_get_user_takes" time="0.325" /><testcase classname="backend.tests.test_phase_e_voice_studio.TestVoiceStudioTakesCRUD" name="test_delete_take" time="0.319" /><testcase classname="backend.tests.test_phase_e_voice_studio.TestVoiceStudioTakesCRUD" name="test_delete_nonexistent_take" time="0.105" /><testcase classname="backend.tests.test_phase_e_voice_studio.TestExistingEndpointsNotBroken" name="test_health_still_works" time="0.165" /><testcase classname="backend.tests.test_phase_e_voice_studio.TestExistingEndpointsNotBroken" name="test_daily_drill_still_works" time="0.104" /><testcase classname="backend.tests.test_phase_e_voice_studio.TestExistingEndpointsNotBroken" name="test_share_endpoint_still_works" time="0.222" /></testsuite></testsuites>