<?xml version="1.0" encoding="utf-8"?><testsuites name="pytest tests"><testsuite name="pytest" errors="0" failures="0" skipped="0" tests="20" time="25.333" timestamp="2026-03-07T14:06:04.798892+00:00" hostname="agent-env-44d1f4a8-bf42-4ffc-92ea-46449c70524d"><testcase classname="backend.tests.test_phase_cd_drill_share.TestHealthCheck" name="test_health_endpoint" time="0.130" /><testcase classname="backend.tests.test_phase_cd_drill_share.TestPhaseCDrillFeedback" name="test_drill_feedback_returns_structured_scores" time="5.743" /><testcase classname="backend.tests.test_phase_cd_drill_share.TestPhaseCDrillFeedback" name="test_drill_feedback_without_performance_notes" time="3.399" /><testcase classname="backend.tests.test_phase_cd_drill_share.TestPhaseCDrillFeedback" name="test_drill_feedback_different_challenge_types" time="8.943" /><testcase classname="backend.tests.test_phase_cd_drill_share.TestPhaseDShareLinks" name="test_create_share_link" time="0.223" /><testcase classname="backend.tests.test_phase_cd_drill_share.TestPhaseDShareLinks" name="test_create_share_link_with_password" time="0.205" /><testcase classname="backend.tests.test_phase_cd_drill_share.TestPhaseDShareLinks" name="test_create_share_link_minimal_fields" time="0.229" /><testcase classname="backend.tests.test_phase_cd_drill_share.TestPhaseDShareLinks" name="test_get_shared_tape" time="0.320" /><testcase classname="backend.tests.test_phase_cd_drill_share.TestPhaseDShareLinks" name="test_get_shared_tape_increments_views" time="0.446" /><testcase classname="backend.tests.test_phase_cd_drill_share.TestPhaseDShareLinks" name="test_get_shared_tape_password_required" time="0.314" /><testcase classname="backend.tests.test_phase_cd_drill_share.TestPhaseDShareLinks" name="test_get_shared_tape_with_correct_password" time="0.313" /><testcase classname="backend.tests.test_phase_cd_drill_share.TestPhaseDShareLinks" name="test_get_shared_tape_wrong_password" time="0.332" /><testcase classname="backend.tests.test_phase_cd_drill_share.TestPhaseDShareLinks" name="test_get_shared_tape_not_found" time="0.097" /><testcase classname="backend.tests.test_phase_cd_drill_share.TestPhaseDShareLinks" name="test_get_user_shared_tapes" time="0.115" /><testcase classname="backend.tests.test_phase_cd_drill_share.TestPhaseDShareLinks" name="test_delete_share_link" time="0.317" /><testcase classname="backend.tests.test_phase_cd_drill_share.TestPhaseDShareLinks" name="test_delete_share_link_not_found" time="0.096" /><testcase classname="backend.tests.test_phase_cd_drill_share.TestExistingDrillAndStreakEndpoints" name="test_get_daily_drill" time="1.968" /><testcase classname="backend.tests.test_phase_cd_drill_share.TestExistingDrillAndStreakEndpoints" name="test_complete_daily_drill" time="1.871" /><testcase classname="backend.tests.test_phase_cd_drill_share.TestExistingDrillAndStreakEndpoints" name="test_get_streak" time="0.105" /><testcase classname="backend.tests.test_phase_cd_drill_share.TestExistingDrillAndStreakEndpoints" name="test_record_streak_activity" time="0.109" /></testsuite></testsuites>