<?xml version="1.0" encoding="utf-8"?><testsuites name="pytest tests"><testsuite name="pytest" errors="0" failures="0" skipped="0" tests="27" time="16.720" timestamp="2026-03-07T15:30:29.909029+00:00" hostname="agent-env-a91ca1f5-2b19-41a9-8887-b82387dff587"><testcase classname="backend.tests.test_production_hardening.TestHealthEndpoints" name="test_health_returns_200" time="0.257" /><testcase classname="backend.tests.test_production_hardening.TestDailyDrillEndpoints" name="test_get_daily_drill_returns_all_fields" time="0.137" /><testcase classname="backend.tests.test_production_hardening.TestDailyDrillEndpoints" name="test_complete_drill_marks_complete" time="0.104" /><testcase classname="backend.tests.test_production_hardening.TestDailyDrillEndpoints" name="test_drill_feedback_returns_structured" time="2.814" /><testcase classname="backend.tests.test_production_hardening.TestStreakEndpoint" name="test_get_streak_returns_data" time="0.107" /><testcase classname="backend.tests.test_production_hardening.TestActingCoachEndpoints" name="test_analyze_returns_success" time="4.349" /><testcase classname="backend.tests.test_production_hardening.TestActingCoachEndpoints" name="test_analyze_empty_body_returns_422" time="0.133" /><testcase classname="backend.tests.test_production_hardening.TestActingCoachEndpoints" name="test_get_scenes_returns_list" time="0.118" /><testcase classname="backend.tests.test_production_hardening.TestActingCoachEndpoints" name="test_get_history_returns_array" time="0.109" /><testcase classname="backend.tests.test_production_hardening.TestDialectEndpoints" name="test_get_accents_returns_list" time="0.101" /><testcase classname="backend.tests.test_production_hardening.TestDialectEndpoints" name="test_get_sample_lines_returns_lines" time="0.110" /><testcase classname="backend.tests.test_production_hardening.TestTapeShareEndpoints" name="test_create_share_link" time="0.221" /><testcase classname="backend.tests.test_production_hardening.TestTapeShareEndpoints" name="test_get_shared_tape_increments_views" time="0.437" /><testcase classname="backend.tests.test_production_hardening.TestTapeShareEndpoints" name="test_html_share_page_xss_protection" time="0.309" /><testcase classname="backend.tests.test_production_hardening.TestTapeShareEndpoints" name="test_html_share_page_404" time="0.103" /><testcase classname="backend.tests.test_production_hardening.TestTapeShareEndpoints" name="test_html_share_page_missing_video_shows_unavailable" time="0.322" /><testcase classname="backend.tests.test_production_hardening.TestScriptEndpoints" name="test_create_script" time="3.683" /><testcase classname="backend.tests.test_production_hardening.TestScriptEndpoints" name="test_get_scripts_returns_list" time="0.104" /><testcase classname="backend.tests.test_production_hardening.TestUserEndpoints" name="test_create_or_get_user" time="0.110" /><testcase classname="backend.tests.test_production_hardening.TestSubscriptionEndpoints" name="test_get_subscription_plans" time="0.118" /><testcase classname="backend.tests.test_production_hardening.TestVoiceStudioValidation" name="test_process_without_file_returns_422" time="0.106" /><testcase classname="backend.tests.test_production_hardening.TestVoiceStudioValidation" name="test_demo_reel_without_files_returns_422" time="0.100" /><testcase classname="backend.tests.test_production_hardening.TestVoicesEndpoint" name="test_get_presets_returns_list" time="0.104" /><testcase classname="backend.tests.test_production_hardening.TestErrorSanitization" name="test_scripts_create_error_sanitized" time="2.255" /><testcase classname="backend.tests.test_production_hardening.TestErrorSanitization" name="test_auth_sync_error_sanitized" time="0.106" /><testcase classname="backend.tests.test_production_hardening.TestErrorSanitization" name="test_acting_coach_invalid_data_sanitized" time="0.101" /><testcase classname="backend.tests.test_production_hardening.TestCleanup" name="test_cleanup_test_data" time="0.105" /></testsuite></testsuites>