<?xml version="1.0" encoding="utf-8"?><testsuites name="pytest tests"><testsuite name="pytest" errors="0" failures="0" skipped="0" tests="15" time="5.132" timestamp="2026-02-20T02:54:13.656454+00:00" hostname="agent-env-d03aecbb-072d-4e3b-822c-27470e8663a3"><testcase classname="backend.tests.test_scriptmate_api.TestHealthEndpoint" name="test_health_check_returns_healthy" time="0.239" /><testcase classname="backend.tests.test_scriptmate_api.TestScriptsEndpoint" name="test_get_scripts_returns_array" time="0.130" /><testcase classname="backend.tests.test_scriptmate_api.TestScriptsEndpoint" name="test_get_scripts_with_user_id" time="0.174" /><testcase classname="backend.tests.test_scriptmate_api.TestScriptsEndpoint" name="test_create_script_and_verify_persistence" time="1.727" /><testcase classname="backend.tests.test_scriptmate_api.TestScriptsEndpoint" name="test_get_nonexistent_script_returns_404" time="0.120" /><testcase classname="backend.tests.test_scriptmate_api.TestUsersEndpoint" name="test_create_or_get_user" time="0.258" /><testcase classname="backend.tests.test_scriptmate_api.TestUsersEndpoint" name="test_get_user_limits" time="0.236" /><testcase classname="backend.tests.test_scriptmate_api.TestSubscriptionEndpoint" name="test_get_subscription_plans_us" time="0.175" /><testcase classname="backend.tests.test_scriptmate_api.TestSubscriptionEndpoint" name="test_get_subscription_plans_uk" time="0.145" /><testcase classname="backend.tests.test_scriptmate_api.TestSubscriptionEndpoint" name="test_get_subscription_plans_eu" time="0.115" /><testcase classname="backend.tests.test_scriptmate_api.TestSubscriptionEndpoint" name="test_get_all_regions" time="0.198" /><testcase classname="backend.tests.test_scriptmate_api.TestRehearsalEndpoint" name="test_get_rehearsals_returns_array" time="0.140" /><testcase classname="backend.tests.test_scriptmate_api.TestAnalyzeEndpoint" name="test_analyze_script_text" time="0.886" /><testcase classname="backend.tests.test_scriptmate_api.TestRootEndpoint" name="test_root_endpoint" time="0.106" /><testcase classname="backend.tests.test_scriptmate_api.TestTrialAndSubscription" name="test_start_trial_flow" time="0.363" /></testsuite></testsuites>