<?xml version="1.0" encoding="utf-8"?><testsuites name="pytest tests"><testsuite name="pytest" errors="0" failures="0" skipped="0" tests="11" time="10.626" timestamp="2026-03-11T03:31:23.111572+00:00" hostname="agent-env-c48df651-504d-4be4-b69f-9d13728a88e9"><testcase classname="backend.tests.test_recovery_mode_5flows.TestFlow1AddScript" name="test_post_scripts_creates_script_with_parsed_lines" time="2.572" /><testcase classname="backend.tests.test_recovery_mode_5flows.TestFlow1AddScript" name="test_post_scripts_upload_multipart_text_file" time="1.339" /><testcase classname="backend.tests.test_recovery_mode_5flows.TestFlow1AddScript" name="test_post_scripts_upload_base64_success" time="1.186" /><testcase classname="backend.tests.test_recovery_mode_5flows.TestFlow1AddScript" name="test_post_scripts_upload_base64_empty_returns_400" time="0.017" /><testcase classname="backend.tests.test_recovery_mode_5flows.TestFlow2ScriptLibrary" name="test_get_scripts_returns_list" time="1.782" /><testcase classname="backend.tests.test_recovery_mode_5flows.TestFlow2ScriptLibrary" name="test_get_script_by_id_returns_full_detail" time="0.008" /><testcase classname="backend.tests.test_recovery_mode_5flows.TestFlow3Teleprompter" name="test_post_rehearsals_creates_session" time="1.412" /><testcase classname="backend.tests.test_recovery_mode_5flows.TestFlow3Teleprompter" name="test_script_detail_returns_for_teleprompter_lookup" time="0.007" /><testcase classname="backend.tests.test_recovery_mode_5flows.TestFlow5DailyDrill" name="test_get_daily_drill_returns_drill" time="2.222" /><testcase classname="backend.tests.test_recovery_mode_5flows.TestFlow5DailyDrill" name="test_post_daily_drill_complete_returns_success" time="0.005" /><testcase classname="backend.tests.test_recovery_mode_5flows.TestAPIHealth" name="test_health_endpoint" time="0.002" /></testsuite></testsuites>