<?xml version="1.0" encoding="utf-8"?><testsuites name="pytest tests"><testsuite name="pytest" errors="0" failures="0" skipped="0" tests="10" time="4.306" timestamp="2026-03-07T12:32:12.653895+00:00" hostname="agent-env-6044bedb-80c4-4526-ae0a-c4fbd48290a2"><testcase classname="backend.tests.test_scriptm8_api.TestHealthEndpoint" name="test_health_check" time="0.261" /><testcase classname="backend.tests.test_scriptm8_api.TestScriptsAPI" name="test_get_scripts_with_timeout" time="0.126" /><testcase classname="backend.tests.test_scriptm8_api.TestScriptsAPI" name="test_create_script_with_timeout" time="1.198" /><testcase classname="backend.tests.test_scriptm8_api.TestScriptsAPI" name="test_get_script_by_id" time="1.020" /><testcase classname="backend.tests.test_scriptm8_api.TestUsersAPI" name="test_create_user" time="0.102" /><testcase classname="backend.tests.test_scriptm8_api.TestUsersAPI" name="test_get_user_limits" time="0.236" /><testcase classname="backend.tests.test_scriptm8_api.TestSubscriptionAPI" name="test_get_subscription_plans" time="0.099" /><testcase classname="backend.tests.test_scriptm8_api.TestRehearsalsAPI" name="test_create_rehearsal" time="0.966" /><testcase classname="backend.tests.test_scriptm8_api.TestErrorHandling" name="test_invalid_script_id_returns_404" time="0.108" /><testcase classname="backend.tests.test_scriptm8_api.TestErrorHandling" name="test_missing_required_fields_returns_error" time="0.125" /></testsuite></testsuites>