<?xml version="1.0" encoding="utf-8"?><testsuites name="pytest tests"><testsuite name="pytest" errors="0" failures="0" skipped="0" tests="10" time="11.279" timestamp="2026-03-04T20:44:05.819833+00:00" hostname="agent-env-6044bedb-80c4-4526-ae0a-c4fbd48290a2"><testcase classname="backend.tests.test_smart_parser_api.TestSmartParserAPI" name="test_01_create_script" time="4.303" /><testcase classname="backend.tests.test_smart_parser_api.TestSmartParserAPI" name="test_02_get_script" time="0.315" /><testcase classname="backend.tests.test_smart_parser_api.TestSmartParserAPI" name="test_03_update_script_user_character" time="0.339" /><testcase classname="backend.tests.test_smart_parser_api.TestSmartParserAPI" name="test_04_update_script_title" time="0.459" /><testcase classname="backend.tests.test_smart_parser_api.TestSmartParserAPI" name="test_05_get_script_not_found" time="0.240" /><testcase classname="backend.tests.test_smart_parser_api.TestSmartParserAPI" name="test_06_update_script_not_found" time="0.237" /><testcase classname="backend.tests.test_smart_parser_api.TestSmartParserAPI" name="test_07_delete_test_script" time="0.349" /><testcase classname="backend.tests.test_smart_parser_api.TestScriptParsing" name="test_parse_simple_dialogue" time="0.941" /><testcase classname="backend.tests.test_smart_parser_api.TestScriptParsing" name="test_parse_with_parentheticals" time="2.416" /><testcase classname="backend.tests.test_smart_parser_api.TestScriptParsing" name="test_parse_empty_script" time="1.617" /></testsuite></testsuites>