<?xml version="1.0" encoding="utf-8"?><testsuites name="pytest tests"><testsuite name="pytest" errors="0" failures="0" skipped="0" tests="4" time="0.521" timestamp="2026-03-07T15:01:24.220664+00:00" hostname="agent-env-44d1f4a8-bf42-4ffc-92ea-46449c70524d"><testcase classname="tests.test_watermark_feature.TestWatermarkFeature" name="test_api_health" time="0.120" /><testcase classname="tests.test_watermark_feature.TestWatermarkFeature" name="test_casting_share_api_returns_watermark" time="0.112" /><testcase classname="tests.test_watermark_feature.TestWatermarkFeature" name="test_casting_share_api_returns_required_fields" time="0.143" /><testcase classname="tests.test_watermark_feature.TestWatermarkFeature" name="test_casting_share_not_found" time="0.098" /></testsuite></testsuites>